Analysis & Synthesis report for lab4_adders_toplevel
Sun Feb 09 21:18:07 2020
Quartus Prime Version 18.1.0 Build 625 09/12/2018 SJ Lite Edition


---------------------
; Table of Contents ;
---------------------
  1. Legal Notice
  2. Analysis & Synthesis Summary
  3. Analysis & Synthesis Settings
  4. Parallel Compilation
  5. Analysis & Synthesis Source Files Read
  6. Analysis & Synthesis Resource Usage Summary
  7. Analysis & Synthesis Resource Utilization by Entity
  8. General Register Statistics
  9. Port Connectivity Checks: "CSA_Middle_Module:middle0|four_bit_ripple_adder:adder1"
 10. Port Connectivity Checks: "CSA_Middle_Module:middle0|four_bit_ripple_adder:adder0"
 11. Port Connectivity Checks: "four_bit_ripple_adder:adder0"
 12. Post-Synthesis Netlist Statistics for Top Partition
 13. Elapsed Time Per Partition
 14. Analysis & Synthesis Messages



----------------
; Legal Notice ;
----------------
Copyright (C) 2018  Intel Corporation. All rights reserved.
Your use of Intel Corporation's design tools, logic functions 
and other software and tools, and its AMPP partner logic 
functions, and any output files from any of the foregoing 
(including device programming or simulation files), and any 
associated documentation or information are expressly subject 
to the terms and conditions of the Intel Program License 
Subscription Agreement, the Intel Quartus Prime License Agreement,
the Intel FPGA IP License Agreement, or other applicable license
agreement, including, without limitation, that your use is for
the sole purpose of programming logic devices manufactured by
Intel and sold by Intel or its authorized distributors.  Please
refer to the applicable agreement for further details.



+----------------------------------------------------------------------------------+
; Analysis & Synthesis Summary                                                     ;
+------------------------------------+---------------------------------------------+
; Analysis & Synthesis Status        ; Successful - Sun Feb 09 21:18:07 2020       ;
; Quartus Prime Version              ; 18.1.0 Build 625 09/12/2018 SJ Lite Edition ;
; Revision Name                      ; lab4_adders_toplevel                        ;
; Top-level Entity Name              ; carry_select_adder                          ;
; Family                             ; Cyclone IV E                                ;
; Total logic elements               ; 47                                          ;
;     Total combinational functions  ; 47                                          ;
;     Dedicated logic registers      ; 0                                           ;
; Total registers                    ; 0                                           ;
; Total pins                         ; 49                                          ;
; Total virtual pins                 ; 0                                           ;
; Total memory bits                  ; 0                                           ;
; Embedded Multiplier 9-bit elements ; 0                                           ;
; Total PLLs                         ; 0                                           ;
+------------------------------------+---------------------------------------------+


+--------------------------------------------------------------------------------------------------------------+
; Analysis & Synthesis Settings                                                                                ;
+------------------------------------------------------------------+--------------------+----------------------+
; Option                                                           ; Setting            ; Default Value        ;
+------------------------------------------------------------------+--------------------+----------------------+
; Device                                                           ; EP4CE115F29C7      ;                      ;
; Top-level entity name                                            ; carry_select_adder ; lab4_adders_toplevel ;
; Family name                                                      ; Cyclone IV E       ; Cyclone V            ;
; Use smart compilation                                            ; Off                ; Off                  ;
; Enable parallel Assembler and Timing Analyzer during compilation ; On                 ; On                   ;
; Enable compact report table                                      ; Off                ; Off                  ;
; Restructure Multiplexers                                         ; Auto               ; Auto                 ;
; Create Debugging Nodes for IP Cores                              ; Off                ; Off                  ;
; Preserve fewer node names                                        ; On                 ; On                   ;
; Intel FPGA IP Evaluation Mode                                    ; Enable             ; Enable               ;
; Verilog Version                                                  ; Verilog_2001       ; Verilog_2001         ;
; VHDL Version                                                     ; VHDL_1993          ; VHDL_1993            ;
; State Machine Processing                                         ; Auto               ; Auto                 ;
; Safe State Machine                                               ; Off                ; Off                  ;
; Extract Verilog State Machines                                   ; On                 ; On                   ;
; Extract VHDL State Machines                                      ; On                 ; On                   ;
; Ignore Verilog initial constructs                                ; Off                ; Off                  ;
; Iteration limit for constant Verilog loops                       ; 5000               ; 5000                 ;
; Iteration limit for non-constant Verilog loops                   ; 250                ; 250                  ;
; Add Pass-Through Logic to Inferred RAMs                          ; On                 ; On                   ;
; Infer RAMs from Raw Logic                                        ; On                 ; On                   ;
; Parallel Synthesis                                               ; On                 ; On                   ;
; DSP Block Balancing                                              ; Auto               ; Auto                 ;
; NOT Gate Push-Back                                               ; On                 ; On                   ;
; Power-Up Don't Care                                              ; On                 ; On                   ;
; Remove Redundant Logic Cells                                     ; Off                ; Off                  ;
; Remove Duplicate Registers                                       ; On                 ; On                   ;
; Ignore CARRY Buffers                                             ; Off                ; Off                  ;
; Ignore CASCADE Buffers                                           ; Off                ; Off                  ;
; Ignore GLOBAL Buffers                                            ; Off                ; Off                  ;
; Ignore ROW GLOBAL Buffers                                        ; Off                ; Off                  ;
; Ignore LCELL Buffers                                             ; Off                ; Off                  ;
; Ignore SOFT Buffers                                              ; On                 ; On                   ;
; Limit AHDL Integers to 32 Bits                                   ; Off                ; Off                  ;
; Optimization Technique                                           ; Balanced           ; Balanced             ;
; Carry Chain Length                                               ; 70                 ; 70                   ;
; Auto Carry Chains                                                ; On                 ; On                   ;
; Auto Open-Drain Pins                                             ; On                 ; On                   ;
; Perform WYSIWYG Primitive Resynthesis                            ; Off                ; Off                  ;
; Auto ROM Replacement                                             ; On                 ; On                   ;
; Auto RAM Replacement                                             ; On                 ; On                   ;
; Auto DSP Block Replacement                                       ; On                 ; On                   ;
; Auto Shift Register Replacement                                  ; Auto               ; Auto                 ;
; Allow Shift Register Merging across Hierarchies                  ; Auto               ; Auto                 ;
; Auto Clock Enable Replacement                                    ; On                 ; On                   ;
; Strict RAM Replacement                                           ; Off                ; Off                  ;
; Allow Synchronous Control Signals                                ; On                 ; On                   ;
; Force Use of Synchronous Clear Signals                           ; Off                ; Off                  ;
; Auto RAM Block Balancing                                         ; On                 ; On                   ;
; Auto RAM to Logic Cell Conversion                                ; Off                ; Off                  ;
; Auto Resource Sharing                                            ; Off                ; Off                  ;
; Allow Any RAM Size For Recognition                               ; Off                ; Off                  ;
; Allow Any ROM Size For Recognition                               ; Off                ; Off                  ;
; Allow Any Shift Register Size For Recognition                    ; Off                ; Off                  ;
; Use LogicLock Constraints during Resource Balancing              ; On                 ; On                   ;
; Ignore translate_off and synthesis_off directives                ; Off                ; Off                  ;
; Timing-Driven Synthesis                                          ; On                 ; On                   ;
; Report Parameter Settings                                        ; On                 ; On                   ;
; Report Source Assignments                                        ; On                 ; On                   ;
; Report Connectivity Checks                                       ; On                 ; On                   ;
; Ignore Maximum Fan-Out Assignments                               ; Off                ; Off                  ;
; Synchronization Register Chain Length                            ; 2                  ; 2                    ;
; Power Optimization During Synthesis                              ; Normal compilation ; Normal compilation   ;
; HDL message level                                                ; Level2             ; Level2               ;
; Suppress Register Optimization Related Messages                  ; Off                ; Off                  ;
; Number of Removed Registers Reported in Synthesis Report         ; 5000               ; 5000                 ;
; Number of Swept Nodes Reported in Synthesis Report               ; 5000               ; 5000                 ;
; Number of Inverted Registers Reported in Synthesis Report        ; 100                ; 100                  ;
; Clock MUX Protection                                             ; On                 ; On                   ;
; Auto Gated Clock Conversion                                      ; Off                ; Off                  ;
; Block Design Naming                                              ; Auto               ; Auto                 ;
; SDC constraint protection                                        ; Off                ; Off                  ;
; Synthesis Effort                                                 ; Auto               ; Auto                 ;
; Shift Register Replacement - Allow Asynchronous Clear Signal     ; On                 ; On                   ;
; Pre-Mapping Resynthesis Optimization                             ; Off                ; Off                  ;
; Analysis & Synthesis Message Level                               ; Medium             ; Medium               ;
; Disable Register Merging Across Hierarchies                      ; Auto               ; Auto                 ;
; Resource Aware Inference For Block RAM                           ; On                 ; On                   ;
+------------------------------------------------------------------+--------------------+----------------------+


+------------------------------------------+
; Parallel Compilation                     ;
+----------------------------+-------------+
; Processors                 ; Number      ;
+----------------------------+-------------+
; Number detected on machine ; 8           ;
; Maximum allowed            ; 4           ;
;                            ;             ;
; Average used               ; 1.00        ;
; Maximum used               ; 1           ;
;                            ;             ;
; Usage by Processor         ; % Time Used ;
;     Processor 1            ; 100.0%      ;
+----------------------------+-------------+


+-------------------------------------------------------------------------------------------------------------------------------------------------------------------------------------------+
; Analysis & Synthesis Source Files Read                                                                                                                                                    ;
+----------------------------------+-----------------+------------------------------+---------------------------------------------------------------------------------------------+---------+
; File Name with User-Entered Path ; Used in Netlist ; File Type                    ; File Name with Absolute Path                                                                ; Library ;
+----------------------------------+-----------------+------------------------------+---------------------------------------------------------------------------------------------+---------+
; carry_select_adder.sv            ; yes             ; User SystemVerilog HDL File  ; D:/Ishaan/Desktop/16-bit adders-20200209T231142Z-001/16-bit adders/carry_select_adder.sv    ;         ;
; full_adder.sv                    ; yes             ; User SystemVerilog HDL File  ; D:/Ishaan/Desktop/16-bit adders-20200209T231142Z-001/16-bit adders/full_adder.sv            ;         ;
; adder2.sv                        ; yes             ; User SystemVerilog HDL File  ; D:/Ishaan/Desktop/16-bit adders-20200209T231142Z-001/16-bit adders/adder2.sv                ;         ;
; CSA_Middle_Module.sv             ; yes             ; User SystemVerilog HDL File  ; D:/Ishaan/Desktop/16-bit adders-20200209T231142Z-001/16-bit adders/CSA_Middle_Module.sv     ;         ;
; four_bit_ripple_adder.sv         ; yes             ; User SystemVerilog HDL File  ; D:/Ishaan/Desktop/16-bit adders-20200209T231142Z-001/16-bit adders/four_bit_ripple_adder.sv ;         ;
; two_bit_mux.sv                   ; yes             ; User SystemVerilog HDL File  ; D:/Ishaan/Desktop/16-bit adders-20200209T231142Z-001/16-bit adders/two_bit_mux.sv           ;         ;
+----------------------------------+-----------------+------------------------------+---------------------------------------------------------------------------------------------+---------+


+--------------------------------------------------------------------------------+
; Analysis & Synthesis Resource Usage Summary                                    ;
+---------------------------------------------+----------------------------------+
; Resource                                    ; Usage                            ;
+---------------------------------------------+----------------------------------+
; Estimated Total logic elements              ; 47                               ;
;                                             ;                                  ;
; Total combinational functions               ; 47                               ;
; Logic element usage by number of LUT inputs ;                                  ;
;     -- 4 input functions                    ; 23                               ;
;     -- 3 input functions                    ; 14                               ;
;     -- <=2 input functions                  ; 10                               ;
;                                             ;                                  ;
; Logic elements by mode                      ;                                  ;
;     -- normal mode                          ; 47                               ;
;     -- arithmetic mode                      ; 0                                ;
;                                             ;                                  ;
; Total registers                             ; 0                                ;
;     -- Dedicated logic registers            ; 0                                ;
;     -- I/O registers                        ; 0                                ;
;                                             ;                                  ;
; I/O pins                                    ; 49                               ;
;                                             ;                                  ;
; Embedded Multiplier 9-bit elements          ; 0                                ;
;                                             ;                                  ;
; Maximum fan-out node                        ; CSA_Middle_Module:middle0|Cout~1 ;
; Maximum fan-out                             ; 5                                ;
; Total fan-out                               ; 220                              ;
; Average fan-out                             ; 1.52                             ;
+---------------------------------------------+----------------------------------+


+------------------------------------------------------------------------------------------------------------------------------------------------------------------------------------------------------------------------------------------------------------------------------------------------------------------+
; Analysis & Synthesis Resource Utilization by Entity                                                                                                                                                                                                                                                              ;
+--------------------------------------+---------------------+---------------------------+-------------+--------------+---------+-----------+------+--------------+---------------------------------------------------------------------------------------------------------+-----------------------+--------------+
; Compilation Hierarchy Node           ; Combinational ALUTs ; Dedicated Logic Registers ; Memory Bits ; DSP Elements ; DSP 9x9 ; DSP 18x18 ; Pins ; Virtual Pins ; Full Hierarchy Name                                                                                     ; Entity Name           ; Library Name ;
+--------------------------------------+---------------------+---------------------------+-------------+--------------+---------+-----------+------+--------------+---------------------------------------------------------------------------------------------------------+-----------------------+--------------+
; |carry_select_adder                  ; 47 (0)              ; 0 (0)                     ; 0           ; 0            ; 0       ; 0         ; 49   ; 0            ; |carry_select_adder                                                                                     ; carry_select_adder    ; work         ;
;    |CSA_Middle_Module:middle0|       ; 13 (2)              ; 0 (0)                     ; 0           ; 0            ; 0       ; 0         ; 0    ; 0            ; |carry_select_adder|CSA_Middle_Module:middle0                                                           ; CSA_Middle_Module     ; work         ;
;       |four_bit_ripple_adder:adder0| ; 2 (0)               ; 0 (0)                     ; 0           ; 0            ; 0       ; 0         ; 0    ; 0            ; |carry_select_adder|CSA_Middle_Module:middle0|four_bit_ripple_adder:adder0                              ; four_bit_ripple_adder ; work         ;
;          |adder2:adder0|             ; 1 (0)               ; 0 (0)                     ; 0           ; 0            ; 0       ; 0         ; 0    ; 0            ; |carry_select_adder|CSA_Middle_Module:middle0|four_bit_ripple_adder:adder0|adder2:adder0                ; adder2                ; work         ;
;             |full_adder:FA1|         ; 1 (1)               ; 0 (0)                     ; 0           ; 0            ; 0       ; 0         ; 0    ; 0            ; |carry_select_adder|CSA_Middle_Module:middle0|four_bit_ripple_adder:adder0|adder2:adder0|full_adder:FA1 ; full_adder            ; work         ;
;          |adder2:adder1|             ; 1 (0)               ; 0 (0)                     ; 0           ; 0            ; 0       ; 0         ; 0    ; 0            ; |carry_select_adder|CSA_Middle_Module:middle0|four_bit_ripple_adder:adder0|adder2:adder1                ; adder2                ; work         ;
;             |full_adder:FA0|         ; 1 (1)               ; 0 (0)                     ; 0           ; 0            ; 0       ; 0         ; 0    ; 0            ; |carry_select_adder|CSA_Middle_Module:middle0|four_bit_ripple_adder:adder0|adder2:adder1|full_adder:FA0 ; full_adder            ; work         ;
;       |four_bit_ripple_adder:adder1| ; 5 (0)               ; 0 (0)                     ; 0           ; 0            ; 0       ; 0         ; 0    ; 0            ; |carry_select_adder|CSA_Middle_Module:middle0|four_bit_ripple_adder:adder1                              ; four_bit_ripple_adder ; work         ;
;          |adder2:adder0|             ; 2 (0)               ; 0 (0)                     ; 0           ; 0            ; 0       ; 0         ; 0    ; 0            ; |carry_select_adder|CSA_Middle_Module:middle0|four_bit_ripple_adder:adder1|adder2:adder0                ; adder2                ; work         ;
;             |full_adder:FA1|         ; 2 (2)               ; 0 (0)                     ; 0           ; 0            ; 0       ; 0         ; 0    ; 0            ; |carry_select_adder|CSA_Middle_Module:middle0|four_bit_ripple_adder:adder1|adder2:adder0|full_adder:FA1 ; full_adder            ; work         ;
;          |adder2:adder1|             ; 3 (0)               ; 0 (0)                     ; 0           ; 0            ; 0       ; 0         ; 0    ; 0            ; |carry_select_adder|CSA_Middle_Module:middle0|four_bit_ripple_adder:adder1|adder2:adder1                ; adder2                ; work         ;
;             |full_adder:FA0|         ; 2 (2)               ; 0 (0)                     ; 0           ; 0            ; 0       ; 0         ; 0    ; 0            ; |carry_select_adder|CSA_Middle_Module:middle0|four_bit_ripple_adder:adder1|adder2:adder1|full_adder:FA0 ; full_adder            ; work         ;
;             |full_adder:FA1|         ; 1 (1)               ; 0 (0)                     ; 0           ; 0            ; 0       ; 0         ; 0    ; 0            ; |carry_select_adder|CSA_Middle_Module:middle0|four_bit_ripple_adder:adder1|adder2:adder1|full_adder:FA1 ; full_adder            ; work         ;
;       |two_bit_mux:mux0|             ; 4 (4)               ; 0 (0)                     ; 0           ; 0            ; 0       ; 0         ; 0    ; 0            ; |carry_select_adder|CSA_Middle_Module:middle0|two_bit_mux:mux0                                          ; two_bit_mux           ; work         ;
;    |CSA_Middle_Module:middle1|       ; 14 (3)              ; 0 (0)                     ; 0           ; 0            ; 0       ; 0         ; 0    ; 0            ; |carry_select_adder|CSA_Middle_Module:middle1                                                           ; CSA_Middle_Module     ; work         ;
;       |four_bit_ripple_adder:adder0| ; 2 (0)               ; 0 (0)                     ; 0           ; 0            ; 0       ; 0         ; 0    ; 0            ; |carry_select_adder|CSA_Middle_Module:middle1|four_bit_ripple_adder:adder0                              ; four_bit_ripple_adder ; work         ;
;          |adder2:adder0|             ; 1 (0)               ; 0 (0)                     ; 0           ; 0            ; 0       ; 0         ; 0    ; 0            ; |carry_select_adder|CSA_Middle_Module:middle1|four_bit_ripple_adder:adder0|adder2:adder0                ; adder2                ; work         ;
;             |full_adder:FA1|         ; 1 (1)               ; 0 (0)                     ; 0           ; 0            ; 0       ; 0         ; 0    ; 0            ; |carry_select_adder|CSA_Middle_Module:middle1|four_bit_ripple_adder:adder0|adder2:adder0|full_adder:FA1 ; full_adder            ; work         ;
;          |adder2:adder1|             ; 1 (0)               ; 0 (0)                     ; 0           ; 0            ; 0       ; 0         ; 0    ; 0            ; |carry_select_adder|CSA_Middle_Module:middle1|four_bit_ripple_adder:adder0|adder2:adder1                ; adder2                ; work         ;
;             |full_adder:FA0|         ; 1 (1)               ; 0 (0)                     ; 0           ; 0            ; 0       ; 0         ; 0    ; 0            ; |carry_select_adder|CSA_Middle_Module:middle1|four_bit_ripple_adder:adder0|adder2:adder1|full_adder:FA0 ; full_adder            ; work         ;
;       |four_bit_ripple_adder:adder1| ; 5 (0)               ; 0 (0)                     ; 0           ; 0            ; 0       ; 0         ; 0    ; 0            ; |carry_select_adder|CSA_Middle_Module:middle1|four_bit_ripple_adder:adder1                              ; four_bit_ripple_adder ; work         ;
;          |adder2:adder0|             ; 2 (0)               ; 0 (0)                     ; 0           ; 0            ; 0       ; 0         ; 0    ; 0            ; |carry_select_adder|CSA_Middle_Module:middle1|four_bit_ripple_adder:adder1|adder2:adder0                ; adder2                ; work         ;
;             |full_adder:FA1|         ; 2 (2)               ; 0 (0)                     ; 0           ; 0            ; 0       ; 0         ; 0    ; 0            ; |carry_select_adder|CSA_Middle_Module:middle1|four_bit_ripple_adder:adder1|adder2:adder0|full_adder:FA1 ; full_adder            ; work         ;
;          |adder2:adder1|             ; 3 (0)               ; 0 (0)                     ; 0           ; 0            ; 0       ; 0         ; 0    ; 0            ; |carry_select_adder|CSA_Middle_Module:middle1|four_bit_ripple_adder:adder1|adder2:adder1                ; adder2                ; work         ;
;             |full_adder:FA0|         ; 2 (2)               ; 0 (0)                     ; 0           ; 0            ; 0       ; 0         ; 0    ; 0            ; |carry_select_adder|CSA_Middle_Module:middle1|four_bit_ripple_adder:adder1|adder2:adder1|full_adder:FA0 ; full_adder            ; work         ;
;             |full_adder:FA1|         ; 1 (1)               ; 0 (0)                     ; 0           ; 0            ; 0       ; 0         ; 0    ; 0            ; |carry_select_adder|CSA_Middle_Module:middle1|four_bit_ripple_adder:adder1|adder2:adder1|full_adder:FA1 ; full_adder            ; work         ;
;       |two_bit_mux:mux0|             ; 4 (4)               ; 0 (0)                     ; 0           ; 0            ; 0       ; 0         ; 0    ; 0            ; |carry_select_adder|CSA_Middle_Module:middle1|two_bit_mux:mux0                                          ; two_bit_mux           ; work         ;
;    |CSA_Middle_Module:middle2|       ; 13 (2)              ; 0 (0)                     ; 0           ; 0            ; 0       ; 0         ; 0    ; 0            ; |carry_select_adder|CSA_Middle_Module:middle2                                                           ; CSA_Middle_Module     ; work         ;
;       |four_bit_ripple_adder:adder0| ; 2 (0)               ; 0 (0)                     ; 0           ; 0            ; 0       ; 0         ; 0    ; 0            ; |carry_select_adder|CSA_Middle_Module:middle2|four_bit_ripple_adder:adder0                              ; four_bit_ripple_adder ; work         ;
;          |adder2:adder0|             ; 1 (0)               ; 0 (0)                     ; 0           ; 0            ; 0       ; 0         ; 0    ; 0            ; |carry_select_adder|CSA_Middle_Module:middle2|four_bit_ripple_adder:adder0|adder2:adder0                ; adder2                ; work         ;
;             |full_adder:FA1|         ; 1 (1)               ; 0 (0)                     ; 0           ; 0            ; 0       ; 0         ; 0    ; 0            ; |carry_select_adder|CSA_Middle_Module:middle2|four_bit_ripple_adder:adder0|adder2:adder0|full_adder:FA1 ; full_adder            ; work         ;
;          |adder2:adder1|             ; 1 (0)               ; 0 (0)                     ; 0           ; 0            ; 0       ; 0         ; 0    ; 0            ; |carry_select_adder|CSA_Middle_Module:middle2|four_bit_ripple_adder:adder0|adder2:adder1                ; adder2                ; work         ;
;             |full_adder:FA0|         ; 1 (1)               ; 0 (0)                     ; 0           ; 0            ; 0       ; 0         ; 0    ; 0            ; |carry_select_adder|CSA_Middle_Module:middle2|four_bit_ripple_adder:adder0|adder2:adder1|full_adder:FA0 ; full_adder            ; work         ;
;       |four_bit_ripple_adder:adder1| ; 5 (0)               ; 0 (0)                     ; 0           ; 0            ; 0       ; 0         ; 0    ; 0            ; |carry_select_adder|CSA_Middle_Module:middle2|four_bit_ripple_adder:adder1                              ; four_bit_ripple_adder ; work         ;
;          |adder2:adder0|             ; 2 (0)               ; 0 (0)                     ; 0           ; 0            ; 0       ; 0         ; 0    ; 0            ; |carry_select_adder|CSA_Middle_Module:middle2|four_bit_ripple_adder:adder1|adder2:adder0                ; adder2                ; work         ;
;             |full_adder:FA1|         ; 2 (2)               ; 0 (0)                     ; 0           ; 0            ; 0       ; 0         ; 0    ; 0            ; |carry_select_adder|CSA_Middle_Module:middle2|four_bit_ripple_adder:adder1|adder2:adder0|full_adder:FA1 ; full_adder            ; work         ;
;          |adder2:adder1|             ; 3 (0)               ; 0 (0)                     ; 0           ; 0            ; 0       ; 0         ; 0    ; 0            ; |carry_select_adder|CSA_Middle_Module:middle2|four_bit_ripple_adder:adder1|adder2:adder1                ; adder2                ; work         ;
;             |full_adder:FA0|         ; 2 (2)               ; 0 (0)                     ; 0           ; 0            ; 0       ; 0         ; 0    ; 0            ; |carry_select_adder|CSA_Middle_Module:middle2|four_bit_ripple_adder:adder1|adder2:adder1|full_adder:FA0 ; full_adder            ; work         ;
;             |full_adder:FA1|         ; 1 (1)               ; 0 (0)                     ; 0           ; 0            ; 0       ; 0         ; 0    ; 0            ; |carry_select_adder|CSA_Middle_Module:middle2|four_bit_ripple_adder:adder1|adder2:adder1|full_adder:FA1 ; full_adder            ; work         ;
;       |two_bit_mux:mux0|             ; 4 (4)               ; 0 (0)                     ; 0           ; 0            ; 0       ; 0         ; 0    ; 0            ; |carry_select_adder|CSA_Middle_Module:middle2|two_bit_mux:mux0                                          ; two_bit_mux           ; work         ;
;    |four_bit_ripple_adder:adder0|    ; 7 (0)               ; 0 (0)                     ; 0           ; 0            ; 0       ; 0         ; 0    ; 0            ; |carry_select_adder|four_bit_ripple_adder:adder0                                                        ; four_bit_ripple_adder ; work         ;
;       |adder2:adder0|                ; 3 (0)               ; 0 (0)                     ; 0           ; 0            ; 0       ; 0         ; 0    ; 0            ; |carry_select_adder|four_bit_ripple_adder:adder0|adder2:adder0                                          ; adder2                ; work         ;
;          |full_adder:FA0|            ; 1 (1)               ; 0 (0)                     ; 0           ; 0            ; 0       ; 0         ; 0    ; 0            ; |carry_select_adder|four_bit_ripple_adder:adder0|adder2:adder0|full_adder:FA0                           ; full_adder            ; work         ;
;          |full_adder:FA1|            ; 2 (2)               ; 0 (0)                     ; 0           ; 0            ; 0       ; 0         ; 0    ; 0            ; |carry_select_adder|four_bit_ripple_adder:adder0|adder2:adder0|full_adder:FA1                           ; full_adder            ; work         ;
;       |adder2:adder1|                ; 4 (0)               ; 0 (0)                     ; 0           ; 0            ; 0       ; 0         ; 0    ; 0            ; |carry_select_adder|four_bit_ripple_adder:adder0|adder2:adder1                                          ; adder2                ; work         ;
;          |full_adder:FA0|            ; 2 (2)               ; 0 (0)                     ; 0           ; 0            ; 0       ; 0         ; 0    ; 0            ; |carry_select_adder|four_bit_ripple_adder:adder0|adder2:adder1|full_adder:FA0                           ; full_adder            ; work         ;
;          |full_adder:FA1|            ; 2 (2)               ; 0 (0)                     ; 0           ; 0            ; 0       ; 0         ; 0    ; 0            ; |carry_select_adder|four_bit_ripple_adder:adder0|adder2:adder1|full_adder:FA1                           ; full_adder            ; work         ;
+--------------------------------------+---------------------+---------------------------+-------------+--------------+---------+-----------+------+--------------+---------------------------------------------------------------------------------------------------------+-----------------------+--------------+
Note: For table entries with two numbers listed, the numbers in parentheses indicate the number of resources of the given type used by the specific entity alone. The numbers listed outside of parentheses indicate the total resources of the given type used by the specific entity and all of its sub-entities in the hierarchy.


+------------------------------------------------------+
; General Register Statistics                          ;
+----------------------------------------------+-------+
; Statistic                                    ; Value ;
+----------------------------------------------+-------+
; Total registers                              ; 0     ;
; Number of registers using Synchronous Clear  ; 0     ;
; Number of registers using Synchronous Load   ; 0     ;
; Number of registers using Asynchronous Clear ; 0     ;
; Number of registers using Asynchronous Load  ; 0     ;
; Number of registers using Clock Enable       ; 0     ;
; Number of registers using Preset             ; 0     ;
+----------------------------------------------+-------+


+------------------------------------------------------------------------------------+
; Port Connectivity Checks: "CSA_Middle_Module:middle0|four_bit_ripple_adder:adder1" ;
+------+-------+----------+----------------------------------------------------------+
; Port ; Type  ; Severity ; Details                                                  ;
+------+-------+----------+----------------------------------------------------------+
; Cin  ; Input ; Info     ; Stuck at VCC                                             ;
+------+-------+----------+----------------------------------------------------------+


+------------------------------------------------------------------------------------+
; Port Connectivity Checks: "CSA_Middle_Module:middle0|four_bit_ripple_adder:adder0" ;
+------+-------+----------+----------------------------------------------------------+
; Port ; Type  ; Severity ; Details                                                  ;
+------+-------+----------+----------------------------------------------------------+
; Cin  ; Input ; Info     ; Stuck at GND                                             ;
+------+-------+----------+----------------------------------------------------------+


+----------------------------------------------------------+
; Port Connectivity Checks: "four_bit_ripple_adder:adder0" ;
+------+-------+----------+--------------------------------+
; Port ; Type  ; Severity ; Details                        ;
+------+-------+----------+--------------------------------+
; Cin  ; Input ; Info     ; Stuck at GND                   ;
+------+-------+----------+--------------------------------+


+-----------------------------------------------------+
; Post-Synthesis Netlist Statistics for Top Partition ;
+-----------------------+-----------------------------+
; Type                  ; Count                       ;
+-----------------------+-----------------------------+
; boundary_port         ; 49                          ;
; cycloneiii_lcell_comb ; 47                          ;
;     normal            ; 47                          ;
;         2 data inputs ; 10                          ;
;         3 data inputs ; 14                          ;
;         4 data inputs ; 23                          ;
;                       ;                             ;
; Max LUT depth         ; 7.00                        ;
; Average LUT depth     ; 4.70                        ;
+-----------------------+-----------------------------+


+-------------------------------+
; Elapsed Time Per Partition    ;
+----------------+--------------+
; Partition Name ; Elapsed Time ;
+----------------+--------------+
; Top            ; 00:00:01     ;
+----------------+--------------+


+-------------------------------+
; Analysis & Synthesis Messages ;
+-------------------------------+
Info: *******************************************************************
Info: Running Quartus Prime Analysis & Synthesis
    Info: Version 18.1.0 Build 625 09/12/2018 SJ Lite Edition
    Info: Processing started: Sun Feb 09 21:17:45 2020
Info: Command: quartus_map --read_settings_files=on --write_settings_files=off 16bitadders -c lab4_adders_toplevel
Warning (18236): Number of processors has not been specified which may cause overloading on shared machines.  Set the global assignment NUM_PARALLEL_PROCESSORS in your QSF to an appropriate value for best performance.
Info (20030): Parallel compilation is enabled and will use 4 of the 4 processors detected
Info (12021): Found 1 design units, including 1 entities, in source file ripple_adder.sv
    Info (12023): Found entity 1: ripple_adder File: D:/Ishaan/Desktop/16-bit adders-20200209T231142Z-001/16-bit adders/ripple_adder.sv Line: 1
Warning (10090): Verilog HDL syntax warning at lab4_adders_toplevel.sv(14): extra block comment delimiter characters /* within block comment File: D:/Ishaan/Desktop/16-bit adders-20200209T231142Z-001/16-bit adders/lab4_adders_toplevel.sv Line: 14
Info (12021): Found 1 design units, including 1 entities, in source file lab4_adders_toplevel.sv
    Info (12023): Found entity 1: lab4_adders_toplevel File: D:/Ishaan/Desktop/16-bit adders-20200209T231142Z-001/16-bit adders/lab4_adders_toplevel.sv Line: 17
Info (12021): Found 1 design units, including 1 entities, in source file hexdriver.sv
    Info (12023): Found entity 1: HexDriver File: D:/Ishaan/Desktop/16-bit adders-20200209T231142Z-001/16-bit adders/HexDriver.sv Line: 1
Info (12021): Found 1 design units, including 1 entities, in source file carry_select_adder.sv
    Info (12023): Found entity 1: carry_select_adder File: D:/Ishaan/Desktop/16-bit adders-20200209T231142Z-001/16-bit adders/carry_select_adder.sv Line: 1
Info (12021): Found 1 design units, including 1 entities, in source file carry_lookahead_adder.sv
    Info (12023): Found entity 1: carry_lookahead_adder File: D:/Ishaan/Desktop/16-bit adders-20200209T231142Z-001/16-bit adders/carry_lookahead_adder.sv Line: 1
Info (12021): Found 1 design units, including 1 entities, in source file full_adder.sv
    Info (12023): Found entity 1: full_adder File: D:/Ishaan/Desktop/16-bit adders-20200209T231142Z-001/16-bit adders/full_adder.sv Line: 1
Info (12021): Found 1 design units, including 1 entities, in source file adder2.sv
    Info (12023): Found entity 1: adder2 File: D:/Ishaan/Desktop/16-bit adders-20200209T231142Z-001/16-bit adders/adder2.sv Line: 1
Info (12021): Found 1 design units, including 1 entities, in source file ripple_adder_testbench.sv
    Info (12023): Found entity 1: ripple_adder_testbench File: D:/Ishaan/Desktop/16-bit adders-20200209T231142Z-001/16-bit adders/ripple_adder_testbench.sv Line: 1
Info (12021): Found 1 design units, including 1 entities, in source file carry_middle_module.sv
    Info (12023): Found entity 1: carry_middle_module File: D:/Ishaan/Desktop/16-bit adders-20200209T231142Z-001/16-bit adders/carry_middle_module.sv Line: 1
Info (12021): Found 1 design units, including 1 entities, in source file full_adder_cla.sv
    Info (12023): Found entity 1: full_adder_cla File: D:/Ishaan/Desktop/16-bit adders-20200209T231142Z-001/16-bit adders/full_adder_cla.sv Line: 1
Info (12021): Found 1 design units, including 1 entities, in source file cla_testbench.sv
    Info (12023): Found entity 1: cla_testbench File: D:/Ishaan/Desktop/16-bit adders-20200209T231142Z-001/16-bit adders/cla_testbench.sv Line: 1
Info (12021): Found 1 design units, including 1 entities, in source file csa_middle_module.sv
    Info (12023): Found entity 1: CSA_Middle_Module File: D:/Ishaan/Desktop/16-bit adders-20200209T231142Z-001/16-bit adders/CSA_Middle_Module.sv Line: 1
Info (12021): Found 1 design units, including 1 entities, in source file four_bit_ripple_adder.sv
    Info (12023): Found entity 1: four_bit_ripple_adder File: D:/Ishaan/Desktop/16-bit adders-20200209T231142Z-001/16-bit adders/four_bit_ripple_adder.sv Line: 1
Info (12021): Found 1 design units, including 1 entities, in source file two_bit_mux.sv
    Info (12023): Found entity 1: two_bit_mux File: D:/Ishaan/Desktop/16-bit adders-20200209T231142Z-001/16-bit adders/two_bit_mux.sv Line: 1
Info (12021): Found 1 design units, including 1 entities, in source file csa_testbench.sv
    Info (12023): Found entity 1: csa_testbench File: D:/Ishaan/Desktop/16-bit adders-20200209T231142Z-001/16-bit adders/csa_testbench.sv Line: 1
Info (12127): Elaborating entity "carry_select_adder" for the top level hierarchy
Info (12128): Elaborating entity "four_bit_ripple_adder" for hierarchy "four_bit_ripple_adder:adder0" File: D:/Ishaan/Desktop/16-bit adders-20200209T231142Z-001/16-bit adders/carry_select_adder.sv Line: 15
Info (12128): Elaborating entity "adder2" for hierarchy "four_bit_ripple_adder:adder0|adder2:adder0" File: D:/Ishaan/Desktop/16-bit adders-20200209T231142Z-001/16-bit adders/four_bit_ripple_adder.sv Line: 9
Info (12128): Elaborating entity "full_adder" for hierarchy "four_bit_ripple_adder:adder0|adder2:adder0|full_adder:FA0" File: D:/Ishaan/Desktop/16-bit adders-20200209T231142Z-001/16-bit adders/adder2.sv Line: 7
Info (12128): Elaborating entity "CSA_Middle_Module" for hierarchy "CSA_Middle_Module:middle0" File: D:/Ishaan/Desktop/16-bit adders-20200209T231142Z-001/16-bit adders/carry_select_adder.sv Line: 16
Info (12128): Elaborating entity "two_bit_mux" for hierarchy "CSA_Middle_Module:middle0|two_bit_mux:mux0" File: D:/Ishaan/Desktop/16-bit adders-20200209T231142Z-001/16-bit adders/CSA_Middle_Module.sv Line: 14
Info (286030): Timing-Driven Synthesis is running
Info (16010): Generating hard_block partition "hard_block:auto_generated_inst"
    Info (16011): Adding 0 node(s), including 0 DDIO, 0 PLL, 0 transceiver and 0 LCELL
Info (21057): Implemented 96 device resources after synthesis - the final resource count might be different
    Info (21058): Implemented 32 input pins
    Info (21059): Implemented 17 output pins
    Info (21061): Implemented 47 logic cells
Info: Quartus Prime Analysis & Synthesis was successful. 0 errors, 2 warnings
    Info: Peak virtual memory: 4761 megabytes
    Info: Processing ended: Sun Feb 09 21:18:07 2020
    Info: Elapsed time: 00:00:22
    Info: Total CPU time (on all processors): 00:00:51


